Flutter crash report.
Please report a bug at https://github.com/flutter/flutter/issues.

## command

flutter pub upgrade

## exception

PathNotFoundException: PathNotFoundException: Deletion failed, path = 'C:\Users\yathish.kumar\Semnox Projects\Semnox Updated Projects\Semnox\Parafait-semnox\packages\barcode_reader\example\windows\flutter\ephemeral\.plugin_symlinks' (OS Error: The system cannot find the path specified.
, errno = 3)

```
#0      _Directory._deleteSync (dart:io/directory_impl.dart:193:7)
#1      FileSystemEntity.deleteSync (dart:io/file_system_entity.dart:424:7)
#2      ForwardingFileSystemEntity.deleteSync (package:file/src/forwarding/forwarding_file_system_entity.dart:70:16)
#3      ErrorHandlingDirectory.deleteSync.<anonymous closure> (package:flutter_tools/src/base/error_handling_io.dart:487:22)
#4      _runSync (package:flutter_tools/src/base/error_handling_io.dart:600:14)
#5      ErrorHandlingDirectory.deleteSync (package:flutter_tools/src/base/error_handling_io.dart:486:12)
#6      _createPlatformPluginSymlinks (package:flutter_tools/src/flutter_plugins.dart:1043:22)
#7      createPluginSymlinks (package:flutter_tools/src/flutter_plugins.dart:987:5)
#8      refreshPluginsList (package:flutter_tools/src/flutter_plugins.dart:1089:5)
<asynchronous suspension>
#9      FlutterProject.ensureReadyForPlatformSpecificTooling (package:flutter_tools/src/project.dart:357:5)
<asynchronous suspension>
#10     PackagesInteractiveGetCommand.runCommand (package:flutter_tools/src/commands/packages.dart:357:5)
<asynchronous suspension>
#11     FlutterCommand.run.<anonymous closure> (package:flutter_tools/src/runner/flutter_command.dart:1257:27)
<asynchronous suspension>
#12     AppContext.run.<anonymous closure> (package:flutter_tools/src/base/context.dart:150:19)
<asynchronous suspension>
#13     CommandRunner.runCommand (package:args/command_runner.dart:209:13)
<asynchronous suspension>
#14     FlutterCommandRunner.runCommand.<anonymous closure> (package:flutter_tools/src/runner/flutter_command_runner.dart:283:9)
<asynchronous suspension>
#15     AppContext.run.<anonymous closure> (package:flutter_tools/src/base/context.dart:150:19)
<asynchronous suspension>
#16     FlutterCommandRunner.runCommand (package:flutter_tools/src/runner/flutter_command_runner.dart:229:5)
<asynchronous suspension>
#17     run.<anonymous closure>.<anonymous closure> (package:flutter_tools/runner.dart:64:9)
<asynchronous suspension>
#18     AppContext.run.<anonymous closure> (package:flutter_tools/src/base/context.dart:150:19)
<asynchronous suspension>
#19     main (package:flutter_tools/executable.dart:91:3)
<asynchronous suspension>
```

## flutter doctor

```
[✓] Flutter (Channel stable, 3.7.8, on Microsoft Windows [Version 10.0.19045.2728], locale en-US)
    • Flutter version 3.7.8 on channel stable at C:\Flutter\flutter
    • Upstream repository https://github.com/flutter/flutter.git
    • Framework revision 90c64ed42b (9 days ago), 2023-03-21 11:27:08 -0500
    • Engine revision 9aa7816315
    • Dart version 2.19.5
    • DevTools version 2.20.1

[✓] Windows Version (Installed version of Windows is version 10 or higher)

[!] Android toolchain - develop for Android devices (Android SDK version 33.0.2)
    • Android SDK at C:\Users\yathish.kumar\AppData\Local\Android\sdk
    ✗ cmdline-tools component is missing
      Run `path/to/sdkmanager --install "cmdline-tools;latest"`
      See https://developer.android.com/studio/command-line for more details.
    ✗ Android license status unknown.
      Run `flutter doctor --android-licenses` to accept the SDK licenses.
      See https://flutter.dev/docs/get-started/install/windows#android-setup for more details.

[✓] Chrome - develop for the web
    • Chrome at C:\Program Files\Google\Chrome\Application\chrome.exe

[!] Visual Studio - develop for Windows (Visual Studio Professional 2017 15.9.53)
    • Visual Studio at C:\Program Files (x86)\Microsoft Visual Studio\2017\Professional
    • Visual Studio Professional 2017 version 15.9.33423.255
    • Windows 10 SDK version 10.0.17763.0
    ✗ Visual Studio 2019 or later is required.
      Download at https://visualstudio.microsoft.com/downloads/.
      Please install the "Desktop development with C++" workload, including all of its default components

[✓] Android Studio (version 2022.1)
    • Android Studio at C:\Program Files\Android\Android Studio
    • Flutter plugin can be installed from:
      🔨 https://plugins.jetbrains.com/plugin/9212-flutter
    • Dart plugin can be installed from:
      🔨 https://plugins.jetbrains.com/plugin/6351-dart
    • Java version OpenJDK Runtime Environment (build 11.0.15+0-b2043.56-9505619)

[✓] VS Code (version 1.76.2)
    • VS Code at C:\Users\yathish.kumar\AppData\Local\Programs\Microsoft VS Code
    • Flutter extension version 3.60.0

[✓] Connected device (3 available)
    • Windows (desktop) • windows • windows-x64    • Microsoft Windows [Version 10.0.19045.2728]
    • Chrome (web)      • chrome  • web-javascript • Google Chrome 111.0.5563.146
    • Edge (web)        • edge    • web-javascript • Microsoft Edge 111.0.1661.54

[✓] HTTP Host Availability
    • All required HTTP hosts are available

! Doctor found issues in 2 categories.
```
