Flutter crash report.
Please report a bug at https://github.com/flutter/flutter/issues.

## command

flutter pub get

## exception

PathNotFoundException: PathNotFoundException: Deletion failed, path = '/Users/sudeepkumar/Documents/flutter/KwickFun updated Code/Parafait-semnox-latest-code/Parafait-semnox/packages/barcode_reader/example/windows/flutter/ephemeral/.plugin_symlinks' (OS Error: No such file or directory, errno = 2)

```
#0      _Directory._deleteSync (dart:io/directory_impl.dart:193:7)
#1      FileSystemEntity.deleteSync (dart:io/file_system_entity.dart:424:7)
#2      ForwardingFileSystemEntity.deleteSync (package:file/src/forwarding/forwarding_file_system_entity.dart:70:16)
#3      ErrorHandlingDirectory.deleteSync.<anonymous closure> (package:flutter_tools/src/base/error_handling_io.dart:487:22)
#4      _runSync (package:flutter_tools/src/base/error_handling_io.dart:600:14)
#5      ErrorHandlingDirectory.deleteSync (package:flutter_tools/src/base/error_handling_io.dart:486:12)
#6      _createPlatformPluginSymlinks (package:flutter_tools/src/flutter_plugins.dart:1043:22)
#7      createPluginSymlinks (package:flutter_tools/src/flutter_plugins.dart:987:5)
#8      refreshPluginsList (package:flutter_tools/src/flutter_plugins.dart:1089:5)
<asynchronous suspension>
#9      FlutterProject.ensureReadyForPlatformSpecificTooling (package:flutter_tools/src/project.dart:357:5)
<asynchronous suspension>
#10     PackagesGetCommand.runCommand (package:flutter_tools/src/commands/packages.dart:182:7)
<asynchronous suspension>
#11     FlutterCommand.run.<anonymous closure> (package:flutter_tools/src/runner/flutter_command.dart:1257:27)
<asynchronous suspension>
#12     AppContext.run.<anonymous closure> (package:flutter_tools/src/base/context.dart:150:19)
<asynchronous suspension>
#13     CommandRunner.runCommand (package:args/command_runner.dart:209:13)
<asynchronous suspension>
#14     FlutterCommandRunner.runCommand.<anonymous closure> (package:flutter_tools/src/runner/flutter_command_runner.dart:283:9)
<asynchronous suspension>
#15     AppContext.run.<anonymous closure> (package:flutter_tools/src/base/context.dart:150:19)
<asynchronous suspension>
#16     FlutterCommandRunner.runCommand (package:flutter_tools/src/runner/flutter_command_runner.dart:229:5)
<asynchronous suspension>
#17     run.<anonymous closure>.<anonymous closure> (package:flutter_tools/runner.dart:64:9)
<asynchronous suspension>
#18     AppContext.run.<anonymous closure> (package:flutter_tools/src/base/context.dart:150:19)
<asynchronous suspension>
#19     main (package:flutter_tools/executable.dart:91:3)
<asynchronous suspension>
```

## flutter doctor

```
[✓] Flutter (Channel stable, 3.7.12, on macOS 13.3.1 22E261 darwin-arm64, locale en-IN)
    • Flutter version 3.7.12 on channel stable at /Users/sudeepkumar/src/flutter
    • Upstream repository https://github.com/flutter/flutter.git
    • Framework revision 4d9e56e694 (4 months ago), 2023-04-17 21:47:46 -0400
    • Engine revision 1a65d409c7
    • Dart version 2.19.6
    • DevTools version 2.20.1

[✓] Android toolchain - develop for Android devices (Android SDK version 33.0.2)
    • Android SDK at /Users/sudeepkumar/Library/Android/sdk
    • Platform android-33, build-tools 33.0.2
    • Java binary at: /Applications/Android Studio.app/Contents/jbr/Contents/Home/bin/java
    • Java version OpenJDK Runtime Environment (build 17.0.6+0-17.0.6b802.4-9586694)
    • All Android licenses accepted.

[✓] Xcode - develop for iOS and macOS (Xcode 14.3.1)
    • Xcode at /Applications/Xcode.app/Contents/Developer
    • Build 14E300c
    • CocoaPods version 1.12.1

[✓] Chrome - develop for the web
    • Chrome at /Applications/Google Chrome.app/Contents/MacOS/Google Chrome

[✓] Android Studio (version 2022.2)
    • Android Studio at /Applications/Android Studio.app/Contents
    • Flutter plugin can be installed from:
      🔨 https://plugins.jetbrains.com/plugin/9212-flutter
    • Dart plugin can be installed from:
      🔨 https://plugins.jetbrains.com/plugin/6351-dart
    • Java version OpenJDK Runtime Environment (build 17.0.6+0-17.0.6b802.4-9586694)

[✓] VS Code (version 1.70.1)
    • VS Code at /Users/sudeepkumar/Downloads/Visual Studio Code.app/Contents
    • Flutter extension version 3.60.0

[✓] VS Code (version 1.74.2)
    • VS Code at /Users/sudeepkumar/Downloads/Visual Studio Code-2.app/Contents
    • Flutter extension version 3.60.0

[✓] Connected device (2 available)
    • macOS (desktop) • macos  • darwin-arm64   • macOS 13.3.1 22E261 darwin-arm64
    • Chrome (web)    • chrome • web-javascript • Google Chrome 115.0.5790.170

[✓] HTTP Host Availability
    • All required HTTP hosts are available

• No issues found!
```
